<?xml version="1.0" ?>
<coverage version="6.5.0" timestamp="1668883224474" lines-valid="47" lines-covered="23" line-rate="0.4894" branches-valid="8" branches-covered="2" branch-rate="0.25" complexity="0">
	<!-- Generated by coverage.py: https://coverage.readthedocs.io -->
	<!-- Based on https://raw.githubusercontent.com/cobertura/web/master/htdocs/xml/coverage-04.dtd -->
	<sources>
		<source>/mnt/e/github_tsekkaukset/tiralabra_dungeon_generator_V2</source>
	</sources>
	<packages>
		<package name="src.generator" line-rate="0.3684" branch-rate="0.25" complexity="0">
			<classes>
				<class name="__init__.py" filename="src/generator/__init__.py" complexity="0" line-rate="1" branch-rate="1">
					<methods/>
					<lines/>
				</class>
				<class name="cave.py" filename="src/generator/cave.py" complexity="0" line-rate="0.3333" branch-rate="0.5">
					<methods/>
					<lines>
						<line number="1" hits="1"/>
						<line number="2" hits="1"/>
						<line number="3" hits="1"/>
						<line number="5" hits="1"/>
						<line number="6" hits="0"/>
						<line number="7" hits="0"/>
						<line number="8" hits="0"/>
						<line number="9" hits="0"/>
						<line number="10" hits="0"/>
						<line number="14" hits="1" branch="true" condition-coverage="50% (1/2)" missing-branches="15"/>
						<line number="15" hits="0"/>
						<line number="16" hits="0"/>
						<line number="17" hits="0"/>
						<line number="18" hits="0"/>
						<line number="19" hits="0"/>
					</lines>
				</class>
				<class name="cave_generator.py" filename="src/generator/cave_generator.py" complexity="0" line-rate="0.3913" branch-rate="0.1667">
					<methods/>
					<lines>
						<line number="2" hits="1"/>
						<line number="4" hits="1"/>
						<line number="5" hits="1"/>
						<line number="7" hits="1"/>
						<line number="8" hits="1"/>
						<line number="9" hits="1"/>
						<line number="10" hits="1"/>
						<line number="12" hits="1"/>
						<line number="13" hits="0"/>
						<line number="14" hits="0"/>
						<line number="15" hits="0"/>
						<line number="17" hits="0" branch="true" condition-coverage="0% (0/2)" missing-branches="19,24"/>
						<line number="19" hits="0"/>
						<line number="22" hits="0"/>
						<line number="24" hits="0" branch="true" condition-coverage="0% (0/2)" missing-branches="26,28"/>
						<line number="26" hits="0"/>
						<line number="27" hits="0"/>
						<line number="28" hits="0"/>
						<line number="32" hits="1" branch="true" condition-coverage="50% (1/2)" missing-branches="33"/>
						<line number="33" hits="0"/>
						<line number="34" hits="0"/>
						<line number="35" hits="0"/>
						<line number="42" hits="0"/>
					</lines>
				</class>
			</classes>
		</package>
		<package name="src.tests" line-rate="1" branch-rate="1" complexity="0">
			<classes>
				<class name="__init__.py" filename="src/tests/__init__.py" complexity="0" line-rate="1" branch-rate="1">
					<methods/>
					<lines/>
				</class>
			</classes>
		</package>
		<package name="src.tests.generator" line-rate="1" branch-rate="1" complexity="0">
			<classes>
				<class name="__init__.py" filename="src/tests/generator/__init__.py" complexity="0" line-rate="1" branch-rate="1">
					<methods/>
					<lines/>
				</class>
				<class name="cave_generator_test.py" filename="src/tests/generator/cave_generator_test.py" complexity="0" line-rate="1" branch-rate="1">
					<methods/>
					<lines>
						<line number="1" hits="1"/>
						<line number="2" hits="1"/>
						<line number="4" hits="1"/>
						<line number="5" hits="1"/>
						<line number="6" hits="1"/>
						<line number="7" hits="1"/>
						<line number="9" hits="1"/>
						<line number="10" hits="1"/>
						<line number="11" hits="1"/>
					</lines>
				</class>
			</classes>
		</package>
	</packages>
</coverage>
